<?xml version="1.0" encoding="UTF-8"?>
<!-- Generated by org.testng.reporters.JUnitXMLReporter -->
<testsuite hostname="Chan.local" name="NexiaDriver" tests="1" failures="1" timestamp="24 Jun 2016 12:08:40 GMT" time="52.109" errors="0">
  <testcase name="Verifychatsanity1" time="26.57" classname="com.projectname.test.livechat.livechatenableverification">
    <failure type="java.lang.AssertionError" message="Couldn&amp;apos;t find chat availability icon expected [true] but found [false]">
      <![CDATA[java.lang.AssertionError: Couldn't find chat availability icon expected [true] but found [false]
	at com.projectname.testutils.seleniumutils.SeleniumWebDriver.failNotEquals(SeleniumWebDriver.java:787)
	at com.projectname.testutils.seleniumutils.SeleniumWebDriver.assertTrue(SeleniumWebDriver.java:781)
	at com.projectname.testutils.pages.DashboardPage.chaticonsverification(DashboardPage.java:24)
	at com.projectname.test.livechat.livechatenableverification.verifychaticonsindashboard(livechatenableverification.java:82)
	at com.projectname.test.livechat.livechatenableverification.Verifychatsanity1(livechatenableverification.java:32)
... Removed 25 stack frames]]>
    </failure>
  </testcase> <!-- Verifychatsanity1 -->
</testsuite> <!-- NexiaDriver -->
